<?xml version="1.0" encoding="utf-8"?>
<!--This file represents the results of running a test suite-->
<test-results name="Unity Tests" total="2830" errors="3" failures="21" not-run="17" inconclusive="0" ignored="17" skipped="0" invalid="0" date="2014-05-22" time="16:19:20">
  <environment nunit-version="2.6.2-Unity" clr-version="2.0.50727.1433" os-version="Unix 13.2.0.0" platform="Unix" cwd="/Users/davidgutierrezpalma/Desarrollo/Personal/Proyectos/Unity3D/ai4unity/src" machine-name="DaviD.local" user="davidgutierrezpalma" user-domain="DaviD.local" />
  <culture-info current-culture="es-ES" current-uiculture="es-ES" />
  <test-suite name="Unit Tests" type="Assembly" executed="True" result="Failure" success="False" time="370.908">
    <results>
      <test-case name="Accord.Tests.MachineLearning.AdaBoostTest.ConstructorTest" executed="True" result="Success" success="True" time="0.051">
      </test-case>
      <test-case name="Accord.Tests.MachineLearning.AdaBoostTest.ConstructorTest2" executed="True" result="Success" success="True" time="0.078">
      </test-case>
      <test-case name="Accord.Tests.MachineLearning.BagOfWordsTest.ComputeTest" executed="True" result="Success" success="True" time="0.010">
      </test-case>
      <test-case name="Accord.Tests.MachineLearning.BagOfWordsTest.GetFeatureVectorTest" executed="True" result="Success" success="True" time="0.001">
      </test-case>
      <test-case name="Accord.Tests.MachineLearning.BagOfWordsTest.GetFeatureVectorTest2" executed="True" result="Success" success="True" time="0.001">
      </test-case>
      <test-case name="Accord.Tests.MachineLearning.BinarySplitTest.BinarySplitConstructorTest" executed="True" result="Success" success="True" time="0.035">
      </test-case>
      <test-case name="Accord.Tests.MachineLearning.BinarySplitTest.BinarySplitConstructorTest3" executed="True" result="Success" success="True" time="0.001">
      </test-case>
      <test-case name="Accord.Tests.MachineLearning.BootstrapTest.BootstrapConstructorTest" executed="True" result="Success" success="True" time="0.002">
      </test-case>
      <test-case name="Accord.Tests.MachineLearning.BootstrapTest.BootstrapConstructorTest2" executed="True" result="Success" success="True" time="0.023">
      </test-case>
      <test-case name="Accord.Tests.MachineLearning.BootstrapTest.BootstrapConstructorTest3" executed="True" result="Failure" success="False" time="0.083">
        <failure>
          <message>
<![CDATA[  Expected: 0.021428571428571429d
  But was:  0.0d
]]>
          </message>
          <stack-trace>
<![CDATA[at Accord.Tests.MachineLearning.BootstrapTest.BootstrapConstructorTest3 () [0x002b4] in /Users/davidgutierrezpalma/Desarrollo/Personal/Proyectos/Unity3D/ai4unity/src/Assets/Accord.NET/Editor/Tests/Accord.Tests.MachineLearning/BootstrapTest.cs:201
]]>
          </stack-trace>
        </failure>
      </test-case>
      <test-case name="Accord.Tests.MachineLearning.CrossvalidationTest.CrossvalidationConstructorTest" executed="True" result="Success" success="True" time="0.024">
      </test-case>
      <test-case name="Accord.Tests.MachineLearning.CrossvalidationTest.FittingTest" executed="True" result="Success" success="True" time="0.026">
      </test-case>
      <test-case name="Accord.Tests.MachineLearning.CrossvalidationTest.SplittingsTest" executed="True" result="Success" success="True" time="0.002">
      </test-case>
      <test-case name="Accord.Tests.MachineLearning.DynamicalTimeWarpingTest.DynamicalTimeWarpingConstructorTest" executed="True" result="Success" success="True" time="0.010">
      </test-case>
      <test-case name="Accord.Tests.MachineLearning.DynamicalTimeWarpingTest.DynamicalTimeWarpingConstructorTest2" executed="True" result="Success" success="True" time="0.003">
      </test-case>
      <test-case name="Accord.Tests.MachineLearning.DynamicalTimeWarpingTest.DynamicalTimeWarpingConstructorTest3" executed="True" result="Success" success="True" time="0.003">
      </test-case>
      <test-case name="Accord.Tests.MachineLearning.GaussianMixtureModelTest.GaussianMixtureModelConstructorTest" executed="True" result="Error" success="False" time="0.044">
        <failure>
          <message>
<![CDATA[Accord.NonPositiveDefiniteMatrixException : Covariance matrix is not positive definite. Try specifying a regularization constant in the fitting options (there is an example in the Multivariate Normal Distribution documentation).]]>
          </message>
          <stack-trace>
<![CDATA[at Accord.Statistics.Distributions.Multivariate.MultivariateNormalDistribution.Fit (System.Double[][] observations, System.Double[] weights, Accord.Statistics.Distributions.Fitting.NormalOptions options) [0x0008c] in /Users/davidgutierrezpalma/Desarrollo/Personal/Proyectos/Unity3D/ai4unity/src/Assets/Accord.NET/Runtime/Accord.Statistics/Distributions/Multivariate/Continuous/MultivariateNormalDistribution.cs:534
at Accord.Statistics.Distributions.Multivariate.MultivariateNormalDistribution.Fit (System.Double[][] observations, System.Double[] weights, IFittingOptions options) [0x00023] in /Users/davidgutierrezpalma/Desarrollo/Personal/Proyectos/Unity3D/ai4unity/src/Assets/Accord.NET/Runtime/Accord.Statistics/Distributions/Multivariate/Continuous/MultivariateNormalDistribution.cs:467
at Accord.Statistics.Distributions.Fitting.ExpectationMaximization`1+<compute>c__AnonStorey48[System.Double[]].<>m__53 (Int32 k) [0x000f1] in /Users/davidgutierrezpalma/Desarrollo/Personal/Proyectos/Unity3D/ai4unity/src/Assets/Accord.NET/Runtime/Accord.Statistics/Distributions/Fitting/ExpectationMaximization.cs:210
at System.Threading.Tasks.Parallel.For (Int32 start, Int32 stop, System.Threading.Tasks.ForLoopBody loopBody) [0x00007] in /Users/davidgutierrezpalma/Desarrollo/Personal/Proyectos/Unity3D/ai4unity/src/Assets/Accord.NET/Runtime/Accord.Core/Compatibility/Parallel.cs:51
at Accord.Statistics.Distributions.Fitting.ExpectationMaximization`1[System.Double[]].compute (System.Double[][] observations, System.Double[] weights) [0x00148] in /Users/davidgutierrezpalma/Desarrollo/Personal/Proyectos/Unity3D/ai4unity/src/Assets/Accord.NET/Runtime/Accord.Statistics/Distributions/Fitting/ExpectationMaximization.cs:180
at Accord.Statistics.Distributions.Fitting.ExpectationMaximization`1[System.Double[]].Compute (System.Double[][] observations, System.Double[] weights) [0x00000] in /Users/davidgutierrezpalma/Desarrollo/Personal/Proyectos/Unity3D/ai4unity/src/Assets/Accord.NET/Runtime/Accord.Statistics/Distributions/Fitting/ExpectationMaximization.cs:122
at Accord.Statistics.Distributions.Multivariate.MultivariateMixture`1[Accord.Statistics.Distributions.Multivariate.MultivariateNormalDistribution].Fit (System.Double[][] observations, System.Double[] weights, Accord.Statistics.Distributions.Fitting.MixtureOptions options) [0x000fa] in /Users/davidgutierrezpalma/Desarrollo/Personal/Proyectos/Unity3D/ai4unity/src/Assets/Accord.NET/Runtime/Accord.Statistics/Distributions/Multivariate/MultivariateMixture.cs:339
at Accord.MachineLearning.GaussianMixtureModel.Compute (System.Double[][] data, Accord.MachineLearning.GaussianMixtureModelOptions options) [0x00069] in /Users/davidgutierrezpalma/Desarrollo/Personal/Proyectos/Unity3D/ai4unity/src/Assets/Accord.NET/Runtime/Accord.MachineLearning/Clustering/GaussianMixtureModel.cs:372
at Accord.MachineLearning.GaussianMixtureModel.Compute (System.Double[][] data, Double threshold) [0x0000f] in /Users/davidgutierrezpalma/Desarrollo/Personal/Proyectos/Unity3D/ai4unity/src/Assets/Accord.NET/Runtime/Accord.MachineLearning/Clustering/GaussianMixtureModel.cs:321
at Accord.Tests.MachineLearning.GaussianMixtureModelTest.GaussianMixtureModelConstructorTest () [0x0014c] in /Users/davidgutierrezpalma/Desarrollo/Personal/Proyectos/Unity3D/ai4unity/src/Assets/Accord.NET/Editor/Tests/Accord.Tests.MachineLearning/Clustering/GaussianMixtureModelTest.cs:82
]]>
          </stack-trace>
        </failure>
      </test-case>
      <test-case name="Accord.Tests.MachineLearning.GaussianMixtureModelTest.GaussianMixtureModelTest2" executed="True" result="Success" success="True" time="0.007">
      </test-case>
      <test-case name="Accord.Tests.MachineLearning.GaussianMixtureModelTest.GaussianMixtureModelTest3" executed="True" result="Success" success="True" time="0.407">
      </test-case>
      <test-case name="Accord.Tests.MachineLearning.GaussianMixtureModelTest.GaussianMixtureModelTest4" executed="True" result="Success" success="True" time="0.005">
      </test-case>
      <test-case name="Accord.Tests.MachineLearning.GaussianMixtureModelTest.GaussianMixtureModelTest7" executed="True" result="Success" success="True" time="0.003">
      </test-case>
      <test-case name="Accord.Tests.MachineLearning.GaussianMixtureModelTest.HighDimensionalTest" executed="True" result="Success" success="True" time="2.902">
      </test-case>
      <test-case name="Accord.Tests.MachineLearning.GaussianMixtureModelTest.HighSampleTest" executed="False" result="Ignored">
        <reason>
          <message>
          </message>
        </reason>
      </test-case>
      <test-case name="Accord.Tests.MachineLearning.GridsearchTest.GridsearchConstructorTest" executed="True" result="Success" success="True" time="0.090">
      </test-case>
      <test-case name="Accord.Tests.MachineLearning.GridsearchTest.GridsearchConstructorTest2" executed="True" result="Success" success="True" time="0.345">
      </test-case>
      <test-case name="Accord.Tests.MachineLearning.KMeansTest.KMeansConstructorTest" executed="True" result="Success" success="True" time="0.002">
      </test-case>
      <test-case name="Accord.Tests.MachineLearning.KMeansTest.KMeansConstructorTest2" executed="True" result="Success" success="True" time="0.251">
      </test-case>
      <test-case name="Accord.Tests.MachineLearning.KMeansTest.KMeansConstructorTest3" executed="True" result="Success" success="True" time="0.001">
      </test-case>
      <test-case name="Accord.Tests.MachineLearning.KModesTest.KModesConstructorTest" executed="True" result="Failure" success="False" time="0.037">
        <failure>
          <message>
<![CDATA[  Expected: 1
  But was:  0
]]>
          </message>
          <stack-trace>
<![CDATA[at Accord.Tests.MachineLearning.KModesTest.KModesConstructorTest () [0x000d4] in /Users/davidgutierrezpalma/Desarrollo/Personal/Proyectos/Unity3D/ai4unity/src/Assets/Accord.NET/Editor/Tests/Accord.Tests.MachineLearning/Clustering/KModesTest.cs:92
]]>
          </stack-trace>
        </failure>
      </test-case>
      <test-case name="Accord.Tests.MachineLearning.KNearestNeighborTest.KNearestNeighborConstructorTest" executed="True" result="Success" success="True" time="0.062">
      </test-case>
      <test-case name="Accord.Tests.MachineLearning.KNearestNeighborTest.KNearestNeighborConstructorTest2" executed="True" result="Success" success="True" time="0.002">
      </test-case>
      <test-case name="Accord.Tests.MachineLearning.KNearestNeighborTest.KNearestNeighborConstructorTest3" executed="True" result="Success" success="True" time="0.010">
      </test-case>
      <test-case name="Accord.Tests.MachineLearning.KNearestNeighborTest.KNearestNeighborGenericConstructorTest" executed="True" result="Success" success="True" time="0.010">
      </test-case>
      <test-case name="Accord.Tests.MachineLearning.KNearestNeighborTest.KNearestNeighborGenericConstructorTest2" executed="True" result="Success" success="True" time="0.002">
      </test-case>
      <test-case name="Accord.Tests.MachineLearning.LeastSquaresLearningTest.LargeLearningTest1" executed="False" result="Ignored">
        <reason>
          <message>
          </message>
        </reason>
      </test-case>
      <test-case name="Accord.Tests.MachineLearning.LeastSquaresLearningTest.LearnTest" executed="True" result="Success" success="True" time="0.007">
      </test-case>
      <test-case name="Accord.Tests.MachineLearning.LeastSquaresLearningTest.LearnTest2" executed="True" result="Success" success="True" time="0.837">
      </test-case>
      <test-case name="Accord.Tests.MachineLearning.LeastSquaresLearningTest.LeastSquaresConstructorTest" executed="True" result="Success" success="True" time="0.001">
      </test-case>
      <test-case name="Accord.Tests.MachineLearning.MeanShiftTest.MeanShiftConstructorTest" executed="True" result="Success" success="True" time="0.065">
      </test-case>
      <test-case name="Accord.Tests.MachineLearning.MeanShiftTest.MeanShiftConstructorTest2" executed="True" result="Success" success="True" time="0.002">
      </test-case>
      <test-case name="Accord.Tests.MachineLearning.MulticlassSupportVectorLearningTest.RunTest" executed="True" result="Success" success="True" time="0.035">
      </test-case>
      <test-case name="Accord.Tests.MachineLearning.MulticlassSupportVectorLearningTest.RunTest2" executed="True" result="Success" success="True" time="0.015">
      </test-case>
      <test-case name="Accord.Tests.MachineLearning.MulticlassSupportVectorLearningTest.RunTest3" executed="True" result="Success" success="True" time="0.007">
      </test-case>
      <test-case name="Accord.Tests.MachineLearning.MulticlassSupportVectorMachineTest.ComputeTest1" executed="True" result="Success" success="True" time="0.007">
      </test-case>
      <test-case name="Accord.Tests.MachineLearning.MulticlassSupportVectorMachineTest.ComputeTest2" executed="True" result="Success" success="True" time="0.004">
      </test-case>
      <test-case name="Accord.Tests.MachineLearning.MulticlassSupportVectorMachineTest.MulticlassSupportVectorMachineConstructorTest" executed="True" result="Success" success="True" time="0.001">
      </test-case>
      <test-case name="Accord.Tests.MachineLearning.MulticlassSupportVectorMachineTest.MulticlassSupportVectorMachineConstructorTest2" executed="True" result="Success" success="True" time="0.004">
      </test-case>
      <test-case name="Accord.Tests.MachineLearning.MultilabelSupportVectorLearningTest.ComputeTest1" executed="True" result="Success" success="True" time="0.030">
      </test-case>
      <test-case name="Accord.Tests.MachineLearning.MultilabelSupportVectorLearningTest.RunTest" executed="True" result="Success" success="True" time="0.021">
      </test-case>
      <test-case name="Accord.Tests.MachineLearning.NaiveBayesGenericTest.ComputeTest" executed="True" result="Success" success="True" time="0.093">
      </test-case>
      <test-case name="Accord.Tests.MachineLearning.NaiveBayesGenericTest.ComputeTest2" executed="True" result="Success" success="True" time="0.011">
      </test-case>
      <test-case name="Accord.Tests.MachineLearning.NaiveBayesGenericTest.DistributionsTest" executed="True" result="Success" success="True" time="0.001">
      </test-case>
      <test-case name="Accord.Tests.MachineLearning.NaiveBayesGenericTest.NaiveBayesConstructorTest" executed="True" result="Success" success="True" time="0.002">
      </test-case>
      <test-case name="Accord.Tests.MachineLearning.NaiveBayesGenericTest.NaiveBayesConstructorTest4" executed="True" result="Success" success="True" time="0.004">
      </test-case>
      <test-case name="Accord.Tests.MachineLearning.NaiveBayesTest.ComputeTest" executed="True" result="Success" success="True" time="0.008">
      </test-case>
      <test-case name="Accord.Tests.MachineLearning.NaiveBayesTest.ComputeTest2" executed="True" result="Success" success="True" time="0.005">
      </test-case>
      <test-case name="Accord.Tests.MachineLearning.NaiveBayesTest.DistributionsTest" executed="True" result="Success" success="True" time="0.001">
      </test-case>
      <test-case name="Accord.Tests.MachineLearning.NaiveBayesTest.NaiveBayesConstructorTest" executed="True" result="Success" success="True" time="0.000">
      </test-case>
      <test-case name="Accord.Tests.MachineLearning.NaiveBayesTest.NaiveBayesConstructorTest2" executed="True" result="Success" success="True" time="0.000">
      </test-case>
      <test-case name="Accord.Tests.MachineLearning.NaiveBayesTest.NaiveBayesConstructorTest3" executed="True" result="Success" success="True" time="0.001">
      </test-case>
      <test-case name="Accord.Tests.MachineLearning.NaiveBayesTest.NaiveBayesConstructorTest4" executed="True" result="Success" success="True" time="0.001">
      </test-case>
      <test-case name="Accord.Tests.MachineLearning.ProbabilisticOutputLearningTest.RunTest1" executed="True" result="Success" success="True" time="0.006">
      </test-case>
      <test-case name="Accord.Tests.MachineLearning.ProbabilisticOutputLearningTest.RunTest2" executed="True" result="Success" success="True" time="0.003">
      </test-case>
      <test-case name="Accord.Tests.MachineLearning.ProbabilisticOutputLearningTest.RunTest3" executed="True" result="Success" success="True" time="0.001">
      </test-case>
      <test-case name="Accord.Tests.MachineLearning.RansacLineTest.RansacLineConstructorTest" executed="True" result="Success" success="True" time="0.040">
      </test-case>
      <test-case name="Accord.Tests.MachineLearning.RansacPlaneTest.RansacPlaneConstructorTest" executed="True" result="Success" success="True" time="0.018">
      </test-case>
      <test-case name="Accord.Tests.MachineLearning.RansacPlaneTest.RansacPlaneConstructorTest2" executed="True" result="Success" success="True" time="0.001">
      </test-case>
      <test-case name="Accord.Tests.MachineLearning.SequentialMinimalOptimizationTest.CompactTest" executed="True" result="Success" success="True" time="0.002">
      </test-case>
      <test-case name="Accord.Tests.MachineLearning.SequentialMinimalOptimizationTest.ComputeTest5" executed="True" result="Success" success="True" time="0.035">
      </test-case>
      <test-case name="Accord.Tests.MachineLearning.SequentialMinimalOptimizationTest.LargeLearningTest1" executed="False" result="Ignored">
        <reason>
          <message>
          </message>
        </reason>
      </test-case>
      <test-case name="Accord.Tests.MachineLearning.SequentialMinimalOptimizationTest.LearnTest" executed="True" result="Success" success="True" time="0.002">
      </test-case>
      <test-case name="Accord.Tests.MachineLearning.SequentialMinimalOptimizationTest.LearnTest2" executed="True" result="Success" success="True" time="0.004">
      </test-case>
      <test-case name="Accord.Tests.MachineLearning.SequentialMinimalOptimizationTest.LearnTest3" executed="True" result="Success" success="True" time="0.001">
      </test-case>
      <test-case name="Accord.Tests.MachineLearning.SequentialMinimalOptimizationTest.LearnTest4" executed="True" result="Success" success="True" time="0.002">
      </test-case>
      <test-case name="Accord.Tests.MachineLearning.SequentialMinimalOptimizationTest.LearnTest5" executed="True" result="Success" success="True" time="0.002">
      </test-case>
      <test-case name="Accord.Tests.MachineLearning.SequentialMinimalOptimizationTest.SequentialMinimalOptimizationConstructorTest" executed="True" result="Success" success="True" time="0.001">
      </test-case>
      <test-case name="Accord.Tests.MachineLearning.SplitSetTest.SplitSetConstructorTest1" executed="True" result="Success" success="True" time="0.019">
      </test-case>
      <test-case name="Accord.Tests.MachineLearning.SupportVectorMachineTest.ComputeTest" executed="True" result="Success" success="True" time="0.002">
      </test-case>
      <test-case name="Accord.Tests.MachineLearning.SupportVectorMachineTest.ComputeTest2" executed="True" result="Success" success="True" time="0.002">
      </test-case>
      <test-case name="Accord.Tests.MachineLearning.SupportVectorMachineTest.ComputeTest3" executed="True" result="Success" success="True" time="0.002">
      </test-case>
      <test-case name="Accord.Tests.MachineLearning.SupportVectorMachineTest.ComputeTest4" executed="True" result="Failure" success="False" time="0.015">
        <failure>
          <message>
<![CDATA[  Expected: True
  But was:  False
]]>
          </message>
          <stack-trace>
<![CDATA[at Accord.Tests.MachineLearning.SupportVectorMachineTest.ComputeTest4 () [0x000df] in /Users/davidgutierrezpalma/Desarrollo/Personal/Proyectos/Unity3D/ai4unity/src/Assets/Accord.NET/Editor/Tests/Accord.Tests.MachineLearning/VectorMachines/SupportVectorMachineTest.cs:210
]]>
          </stack-trace>
        </failure>
      </test-case>
      <test-case name="Accord.Tests.MachineLearning.SupportVectorMachineTest.ComputeTest5" executed="True" result="Success" success="True" time="0.012">
      </test-case>
      <test-case name="Accord.Tests.MachineLearning.SupportVectorMachineTest.ComputeTest6" executed="True" result="Error" success="False" time="0.062">
        <failure>
          <message>
<![CDATA[Accord.ConvergenceException : Convergence could not be attained. Please reduce the cost of misclassification errors by reducing the complexity parameter C or try a different kernel function.]]>
          </message>
          <stack-trace>
<![CDATA[at Accord.MachineLearning.VectorMachines.Learning.SequentialMinimalOptimization.Run (Boolean computeError, CancellationToken token) [0x006a8] in /Users/davidgutierrezpalma/Desarrollo/Personal/Proyectos/Unity3D/ai4unity/src/Assets/Accord.NET/Runtime/Accord.MachineLearning/VectorMachines/Learning/SequentialMinimalOptimization.cs:795
at Accord.MachineLearning.VectorMachines.Learning.SequentialMinimalOptimization.Run (Boolean computeError) [0x00000] in /Users/davidgutierrezpalma/Desarrollo/Personal/Proyectos/Unity3D/ai4unity/src/Assets/Accord.NET/Runtime/Accord.MachineLearning/VectorMachines/Learning/SequentialMinimalOptimization.cs:521
at Accord.MachineLearning.VectorMachines.Learning.SequentialMinimalOptimization.Run () [0x00000] in /Users/davidgutierrezpalma/Desarrollo/Personal/Proyectos/Unity3D/ai4unity/src/Assets/Accord.NET/Runtime/Accord.MachineLearning/VectorMachines/Learning/SequentialMinimalOptimization.cs:815
at Accord.Tests.MachineLearning.SupportVectorMachineTest.ComputeTest6 () [0x00086] in /Users/davidgutierrezpalma/Desarrollo/Personal/Proyectos/Unity3D/ai4unity/src/Assets/Accord.NET/Editor/Tests/Accord.Tests.MachineLearning/VectorMachines/SupportVectorMachineTest.cs:289
]]>
          </stack-trace>
        </failure>
      </test-case>
      <test-case name="Accord.Tests.MachineLearning.SupportVectorReductionTest.ComputeTest" executed="True" result="Success" success="True" time="0.007">
      </test-case>
      <test-case name="Accord.Tests.Math.AbsoluteConvergenceTest.AbsoluteConvergenceConstructorTest" executed="True" result="Success" success="True" time="0.002">
      </test-case>
      <test-case name="Accord.Tests.Math.AugmentedLagrangianSolverTest.AugmentedLagrangianSolverConstructorTest1" executed="True" result="Failure" success="False" time="0.054">
        <failure>
          <message>
<![CDATA[  Expected: 1.0d +/- 1.0000000000000001E-05d
  But was:  NaN
]]>
          </message>
          <stack-trace>
<![CDATA[at Accord.Tests.Math.AugmentedLagrangianSolverTest.AugmentedLagrangianSolverConstructorTest1 () [0x0015d] in /Users/davidgutierrezpalma/Desarrollo/Personal/Proyectos/Unity3D/ai4unity/src/Assets/Accord.NET/Editor/Tests/Accord.Tests.Math/Optimization/AugmentedLagrangianSolverTest.cs:100
]]>
          </stack-trace>
        </failure>
      </test-case>
      <test-case name="Accord.Tests.Math.AugmentedLagrangianSolverTest.AugmentedLagrangianSolverConstructorTest2" executed="True" result="Success" success="True" time="0.003">
      </test-case>
      <test-case name="Accord.Tests.Math.AugmentedLagrangianSolverTest.ConstructorTest2" executed="True" result="Success" success="True" time="0.015">
      </test-case>
      <test-case name="Accord.Tests.Math.AugmentedLagrangianSolverTest.ConstructorTest3" executed="True" result="Success" success="True" time="0.020">
      </test-case>
      <test-case name="Accord.Tests.Math.BesselTest.BesselJ0Test" executed="True" result="Success" success="True" time="0.001">
      </test-case>
      <test-case name="Accord.Tests.Math.BesselTest.BesselJTest" executed="True" result="Success" success="True" time="0.002">
      </test-case>
      <test-case name="Accord.Tests.Math.BesselTest.BesselY0Test" executed="True" result="Success" success="True" time="0.001">
      </test-case>
      <test-case name="Accord.Tests.Math.BesselTest.BesselYTest" executed="True" result="Success" success="True" time="0.001">
      </test-case>
      <test-case name="Accord.Tests.Math.BetaTest.BetaTest2" executed="True" result="Success" success="True" time="0.002">
      </test-case>
      <test-case name="Accord.Tests.Math.BetaTest.FunctionTest" executed="True" result="Success" success="True" time="0.000">
      </test-case>
      <test-case name="Accord.Tests.Math.BetaTest.IbetaTest" executed="True" result="Success" success="True" time="0.003">
      </test-case>
      <test-case name="Accord.Tests.Math.BetaTest.Incbcf" executed="True" result="Success" success="True" time="0.000">
      </test-case>
      <test-case name="Accord.Tests.Math.BetaTest.Incbd" executed="True" result="Success" success="True" time="0.001">
      </test-case>
      <test-case name="Accord.Tests.Math.BetaTest.IncompleteInverse" executed="True" result="Success" success="True" time="0.003">
      </test-case>
      <test-case name="Accord.Tests.Math.BetaTest.IncompleteTest" executed="True" result="Success" success="True" time="0.000">
      </test-case>
      <test-case name="Accord.Tests.Math.BetaTest.LogTest" executed="True" result="Success" success="True" time="0.000">
      </test-case>
      <test-case name="Accord.Tests.Math.BetaTest.Multinomial" executed="True" result="Success" success="True" time="0.001">
      </test-case>
      <test-case name="Accord.Tests.Math.BetaTest.PowerSeries" executed="True" result="Success" success="True" time="0.000">
      </test-case>
      <test-case name="Accord.Tests.Math.BinarySearchTest.ConstructorTest" executed="True" result="Success" success="True" time="0.002">
      </test-case>
      <test-case name="Accord.Tests.Math.BinarySearchTest.ConstructorTest1" executed="True" result="Success" success="True" time="0.001">
      </test-case>
      <test-case name="Accord.Tests.Math.BinarySearchTest.ConstructorTest2" executed="True" result="Success" success="True" time="0.003">
      </test-case>
      <test-case name="Accord.Tests.Math.BinarySearchTest.ConstructorTest4" executed="True" result="Success" success="True" time="0.001">
      </test-case>
      <test-case name="Accord.Tests.Math.BoundedBroydenFletcherGoldfarbShannoTest.ConstructorTest1" executed="True" result="Success" success="True" time="0.039">
      </test-case>
      <test-case name="Accord.Tests.Math.BoundedBroydenFletcherGoldfarbShannoTest.ConstructorTest2" executed="True" result="Success" success="True" time="0.002">
      </test-case>
      <test-case name="Accord.Tests.Math.BoundedBroydenFletcherGoldfarbShannoTest.lbfgsTest" executed="True" result="Success" success="True" time="0.004">
      </test-case>
      <test-case name="Accord.Tests.Math.BoundedBroydenFletcherGoldfarbShannoTest.lbfgsTest2" executed="True" result="Success" success="True" time="0.002">
      </test-case>
      <test-case name="Accord.Tests.Math.BoundedBroydenFletcherGoldfarbShannoTest.lbfgsTest3" executed="True" result="Success" success="True" time="7.600">
      </test-case>
      <test-case name="Accord.Tests.Math.BoundedBroydenFletcherGoldfarbShannoTest.MutableGradientSizeTest" executed="True" result="Success" success="True" time="0.002">
      </test-case>
      <test-case name="Accord.Tests.Math.BoundedBroydenFletcherGoldfarbShannoTest.NoFunctionTest" executed="True" result="Success" success="True" time="0.000">
      </test-case>
      <test-case name="Accord.Tests.Math.BoundedBroydenFletcherGoldfarbShannoTest.NoGradientTest" executed="True" result="Success" success="True" time="0.000">
      </test-case>
      <test-case name="Accord.Tests.Math.BoundedBroydenFletcherGoldfarbShannoTest.WrongGradientSizeTest" executed="True" result="Success" success="True" time="0.001">
      </test-case>
      <test-case name="Accord.Tests.Math.BrentSearchTest.ConstructorTest" executed="True" result="Success" success="True" time="0.006">
      </test-case>
      <test-case name="Accord.Tests.Math.BrentSearchTest.FindRootTest" executed="True" result="Success" success="True" time="0.001">
      </test-case>
      <test-case name="Accord.Tests.Math.BrentSearchTest.MaximizeTest" executed="True" result="Success" success="True" time="0.001">
      </test-case>
      <test-case name="Accord.Tests.Math.BrentSearchTest.MinimizeTest" executed="True" result="Success" success="True" time="0.001">
      </test-case>
      <test-case name="Accord.Tests.Math.BroydenFletcherGoldfarbShannoTest.ConstructorTest1" executed="True" result="Success" success="True" time="0.006">
      </test-case>
      <test-case name="Accord.Tests.Math.BroydenFletcherGoldfarbShannoTest.ConstructorTest2" executed="True" result="Success" success="True" time="0.002">
      </test-case>
      <test-case name="Accord.Tests.Math.BroydenFletcherGoldfarbShannoTest.lbfgsTest" executed="True" result="Success" success="True" time="0.002">
      </test-case>
      <test-case name="Accord.Tests.Math.BroydenFletcherGoldfarbShannoTest.lbfgsTest2" executed="True" result="Success" success="True" time="0.002">
      </test-case>
      <test-case name="Accord.Tests.Math.BroydenFletcherGoldfarbShannoTest.lbfgsTest3" executed="True" result="Success" success="True" time="0.933">
      </test-case>
      <test-case name="Accord.Tests.Math.BroydenFletcherGoldfarbShannoTest.MutableGradientSizeTest" executed="True" result="Success" success="True" time="0.001">
      </test-case>
      <test-case name="Accord.Tests.Math.BroydenFletcherGoldfarbShannoTest.NoFunctionTest" executed="True" result="Success" success="True" time="0.000">
      </test-case>
      <test-case name="Accord.Tests.Math.BroydenFletcherGoldfarbShannoTest.NoGradientTest" executed="True" result="Success" success="True" time="0.000">
      </test-case>
      <test-case name="Accord.Tests.Math.BroydenFletcherGoldfarbShannoTest.WrongGradientSizeTest" executed="True" result="Success" success="True" time="0.001">
      </test-case>
      <test-case name="Accord.Tests.Math.CholeskyDecompositionTest.CholeskyDecompositionConstructorTest" executed="True" result="Success" success="True" time="0.006">
      </test-case>
      <test-case name="Accord.Tests.Math.CholeskyDecompositionTest.CholeskyDecompositionConstructorTest2" executed="True" result="Success" success="True" time="0.003">
      </test-case>
      <test-case name="Accord.Tests.Math.CholeskyDecompositionTest.CholeskyDecompositionConstructorTest3" executed="True" result="Success" success="True" time="0.001">
      </test-case>
      <test-case name="Accord.Tests.Math.CholeskyDecompositionTest.CholeskyDecompositionConstructorTest4" executed="True" result="Success" success="True" time="0.001">
      </test-case>
      <test-case name="Accord.Tests.Math.CholeskyDecompositionTest.DeterminantTest" executed="True" result="Success" success="True" time="0.001">
      </test-case>
      <test-case name="Accord.Tests.Math.CholeskyDecompositionTest.InverseTest" executed="True" result="Success" success="True" time="0.006">
      </test-case>
      <test-case name="Accord.Tests.Math.CholeskyDecompositionTest.LogDeterminantTest" executed="True" result="Success" success="True" time="0.006">
      </test-case>
      <test-case name="Accord.Tests.Math.CholeskyDecompositionTest.LogDeterminantTest2" executed="True" result="Success" success="True" time="0.001">
      </test-case>
      <test-case name="Accord.Tests.Math.CholeskyDecompositionTest.SolveTest" executed="True" result="Success" success="True" time="0.006">
      </test-case>
      <test-case name="Accord.Tests.Math.CholeskyDecompositionTest.SolveTest2" executed="True" result="Success" success="True" time="0.001">
      </test-case>
      <test-case name="Accord.Tests.Math.CholeskyDecompositionTest.SolveTest3" executed="True" result="Success" success="True" time="0.001">
      </test-case>
      <test-case name="Accord.Tests.Math.CholeskyDecompositionTest.SolveTest4" executed="True" result="Success" success="True" time="0.001">
      </test-case>
      <test-case name="Accord.Tests.Math.CobylaTest.ConstructorTest1" executed="True" result="Success" success="True" time="0.028">
      </test-case>
      <test-case name="Accord.Tests.Math.CobylaTest.ConstructorTest10" executed="True" result="Success" success="True" time="0.039">
      </test-case>
      <test-case name="Accord.Tests.Math.CobylaTest.ConstructorTest2" executed="True" result="Success" success="True" time="0.002">
      </test-case>
      <test-case name="Accord.Tests.Math.CobylaTest.ConstructorTest2_1" executed="True" result="Success" success="True" time="0.002">
      </test-case>
      <test-case name="Accord.Tests.Math.CobylaTest.ConstructorTest2_2" executed="True" result="Success" success="True" time="0.075">
      </test-case>
      <test-case name="Accord.Tests.Math.CobylaTest.ConstructorTest3" executed="True" result="Success" success="True" time="0.003">
      </test-case>
      <test-case name="Accord.Tests.Math.CobylaTest.ConstructorTest4" executed="True" result="Success" success="True" time="0.003">
      </test-case>
      <test-case name="Accord.Tests.Math.CobylaTest.ConstructorTest5" executed="True" result="Success" success="True" time="0.035">
      </test-case>
      <test-case name="Accord.Tests.Math.CobylaTest.ConstructorTest6" executed="True" result="Success" success="True" time="0.004">
      </test-case>
      <test-case name="Accord.Tests.Math.CobylaTest.ConstructorTest6_0" executed="True" result="Success" success="True" time="0.006">
      </test-case>
      <test-case name="Accord.Tests.Math.CobylaTest.ConstructorTest6_1" executed="True" result="Success" success="True" time="0.011">
      </test-case>
      <test-case name="Accord.Tests.Math.CobylaTest.ConstructorTest6_2" executed="True" result="Success" success="True" time="0.004">
      </test-case>
      <test-case name="Accord.Tests.Math.CobylaTest.ConstructorTest6_3" executed="True" result="Success" success="True" time="0.001">
      </test-case>
      <test-case name="Accord.Tests.Math.CobylaTest.ConstructorTest7" executed="True" result="Success" success="True" time="0.007">
      </test-case>
      <test-case name="Accord.Tests.Math.CobylaTest.ConstructorTest8" executed="True" result="Success" success="True" time="0.005">
      </test-case>
      <test-case name="Accord.Tests.Math.CobylaTest.ConstructorTest9" executed="True" result="Success" success="True" time="0.024">
      </test-case>
      <test-case name="Accord.Tests.Math.CombinatoricsTest.CombinationsTest" executed="True" result="Success" success="True" time="0.008">
      </test-case>
      <test-case name="Accord.Tests.Math.CombinatoricsTest.PermutationsTest" executed="True" result="Success" success="True" time="0.007">
      </test-case>
      <test-case name="Accord.Tests.Math.CombinatoricsTest.SequencesTest" executed="True" result="Success" success="True" time="0.004">
      </test-case>
      <test-case name="Accord.Tests.Math.CombinatoricsTest.SequencesTest2" executed="True" result="Success" success="True" time="0.001">
      </test-case>
      <test-case name="Accord.Tests.Math.CombinatoricsTest.TruthTableTest" executed="True" result="Success" success="True" time="0.003">
      </test-case>
      <test-case name="Accord.Tests.Math.CombinatoricsTest.TruthTableTest2" executed="True" result="Success" success="True" time="0.001">
      </test-case>
      <test-case name="Accord.Tests.Math.ComplexMatrixTest.AbsTest" executed="True" result="Success" success="True" time="0.002">
      </test-case>
      <test-case name="Accord.Tests.Math.ComplexMatrixTest.ImTest" executed="True" result="Success" success="True" time="0.001">
      </test-case>
      <test-case name="Accord.Tests.Math.ComplexMatrixTest.MagnitudeTest" executed="True" result="Success" success="True" time="0.001">
      </test-case>
      <test-case name="Accord.Tests.Math.ComplexMatrixTest.MultiplyTest" executed="True" result="Success" success="True" time="0.003">
      </test-case>
      <test-case name="Accord.Tests.Math.ComplexMatrixTest.PhaseTest" executed="True" result="Success" success="True" time="0.001">
      </test-case>
      <test-case name="Accord.Tests.Math.ComplexMatrixTest.ReTest" executed="True" result="Success" success="True" time="0.001">
      </test-case>
      <test-case name="Accord.Tests.Math.ComplexMatrixTest.SumTest" executed="True" result="Success" success="True" time="0.001">
      </test-case>
      <test-case name="Accord.Tests.Math.ComplexMatrixTest.ToArrayTest" executed="True" result="Success" success="True" time="0.002">
      </test-case>
      <test-case name="Accord.Tests.Math.ConjugateGradientTest.MinimizeTest" executed="True" result="Success" success="True" time="0.002">
      </test-case>
      <test-case name="Accord.Tests.Math.ConjugateGradientTest.MinimizeTest2" executed="True" result="Success" success="True" time="0.001">
      </test-case>
      <test-case name="Accord.Tests.Math.ConjugateGradientTest.MinimizeTest3" executed="True" result="Success" success="True" time="0.001">
      </test-case>
      <test-case name="Accord.Tests.Math.CosineTransformTest.ForwardTest" executed="True" result="Success" success="True" time="0.002">
      </test-case>
      <test-case name="Accord.Tests.Math.CosineTransformTest.InverseTest" executed="True" result="Success" success="True" time="0.002">
      </test-case>
      <test-case name="Accord.Tests.Math.CustomComparerTest.CustomComparerConstructorTest" executed="True" result="Success" success="True" time="0.004">
      </test-case>
      <test-case name="Accord.Tests.Math.DistanceTest.BhattacharyyaTest" executed="True" result="Success" success="True" time="0.003">
      </test-case>
      <test-case name="Accord.Tests.Math.DistanceTest.BhattacharyyaTest1" executed="True" result="Success" success="True" time="0.001">
      </test-case>
      <test-case name="Accord.Tests.Math.DistanceTest.BhattacharyyaTest2" executed="True" result="Success" success="True" time="0.001">
      </test-case>
      <test-case name="Accord.Tests.Math.DistanceTest.BhattacharyyaTest3" executed="True" result="Success" success="True" time="0.001">
      </test-case>
      <test-case name="Accord.Tests.Math.DistanceTest.BhattacharyyaTest4" executed="True" result="Success" success="True" time="0.000">
      </test-case>
      <test-case name="Accord.Tests.Math.DistanceTest.EuclideanTest" executed="True" result="Success" success="True" time="0.001">
      </test-case>
      <test-case name="Accord.Tests.Math.DistanceTest.EuclideanTest1" executed="True" result="Success" success="True" time="0.001">
      </test-case>
      <test-case name="Accord.Tests.Math.DistanceTest.MahalanobisTest" executed="True" result="Success" success="True" time="0.004">
      </test-case>
      <test-case name="Accord.Tests.Math.DistanceTest.MahalanobisTest2" executed="True" result="Success" success="True" time="0.001">
      </test-case>
      <test-case name="Accord.Tests.Math.DistanceTest.MahalanobisTest3" executed="True" result="Success" success="True" time="0.004">
      </test-case>
      <test-case name="Accord.Tests.Math.DistanceTest.MahalanobisTest4" executed="True" result="Success" success="True" time="0.001">
      </test-case>
      <test-case name="Accord.Tests.Math.DistanceTest.MahalanobisTest5" executed="True" result="Success" success="True" time="0.002">
      </test-case>
      <test-case name="Accord.Tests.Math.DistanceTest.MahalanobisTest6" executed="True" result="Success" success="True" time="0.001">
      </test-case>
      <test-case name="Accord.Tests.Math.DistanceTest.ManhattanTest" executed="True" result="Success" success="True" time="0.001">
      </test-case>
      <test-case name="Accord.Tests.Math.DistanceTest.ModularTest" executed="True" result="Success" success="True" time="0.001">
      </test-case>
      <test-case name="Accord.Tests.Math.EigenvalueDecompositionTest.EigenvalueDecompositionConstructorTest" executed="True" result="Success" success="True" time="0.009">
      </test-case>
      <test-case name="Accord.Tests.Math.EigenvalueDecompositionTest.EigenvalueDecompositionConstructorTest2" executed="True" result="Success" success="True" time="0.028">
      </test-case>
      <test-case name="Accord.Tests.Math.ElementComparerTest.ElementComparerConstructorTest" executed="True" result="Success" success="True" time="0.002">
      </test-case>
      <test-case name="Accord.Tests.Math.FiniteDifferencesTest.ComputeTest" executed="True" result="Success" success="True" time="0.003">
      </test-case>
      <test-case name="Accord.Tests.Math.FiniteDifferencesTest.ComputeTest2" executed="True" result="Success" success="True" time="0.001">
      </test-case>
      <test-case name="Accord.Tests.Math.GaborTest.KernelTest1" executed="True" result="Success" success="True" time="0.004">
      </test-case>
      <test-case name="Accord.Tests.Math.GaborTest.KernelTest2" executed="True" result="Success" success="True" time="0.001">
      </test-case>
      <test-case name="Accord.Tests.Math.GammaTest.DigammaTest" executed="True" result="Success" success="True" time="0.001">
      </test-case>
      <test-case name="Accord.Tests.Math.GammaTest.DigammaTest2" executed="True" result="Success" success="True" time="0.000">
      </test-case>
      <test-case name="Accord.Tests.Math.GammaTest.FunctionTest(1.0d,1.0d)" executed="True" result="Success" success="True" time="0.001">
      </test-case>
      <test-case name="Accord.Tests.Math.GammaTest.FunctionTest(1.2d,0.918168742399761d)" executed="True" result="Success" success="True" time="0.000">
      </test-case>
      <test-case name="Accord.Tests.Math.GammaTest.FunctionTest(1.3d,0.897470696306277d)" executed="True" result="Success" success="True" time="0.000">
      </test-case>
      <test-case name="Accord.Tests.Math.GammaTest.FunctionTest(1.4d,0.887263817503075d)" executed="True" result="Success" success="True" time="0.000">
      </test-case>
      <test-case name="Accord.Tests.Math.GammaTest.FunctionTest(1.5d,0.886226925452758d)" executed="True" result="Success" success="True" time="0.000">
      </test-case>
      <test-case name="Accord.Tests.Math.GammaTest.FunctionTest(1.6d,0.89351534928769d)" executed="True" result="Success" success="True" time="0.000">
      </test-case>
      <test-case name="Accord.Tests.Math.GammaTest.FunctionTest(1.7d,0.90863873285329d)" executed="True" result="Success" success="True" time="0.000">
      </test-case>
      <test-case name="Accord.Tests.Math.GammaTest.FunctionTest(1.8d,0.931383770980243d)" executed="True" result="Success" success="True" time="0.000">
      </test-case>
      <test-case name="Accord.Tests.Math.GammaTest.FunctionTest(1.9d,0.961765831907387d)" executed="True" result="Success" success="True" time="0.000">
      </test-case>
      <test-case name="Accord.Tests.Math.GammaTest.FunctionTest(2.0d,1.0d)" executed="True" result="Success" success="True" time="0.000">
      </test-case>
      <test-case name="Accord.Tests.Math.GammaTest.FunctionTest(3.1d,2.19762027839248d)" executed="True" result="Success" success="True" time="0.000">
      </test-case>
      <test-case name="Accord.Tests.Math.GammaTest.FunctionTest(5.7d,72.5276345202229d)" executed="True" result="Success" success="True" time="0.000">
      </test-case>
      <test-case name="Accord.Tests.Math.GammaTest.FunctionTest(56.2d,2.83593840035996E+73d)" executed="True" result="Success" success="True" time="0.001">
      </test-case>
      <test-case name="Accord.Tests.Math.GammaTest.FunctionTest(53.8d,1.92936676016153E+69d)" executed="True" result="Success" success="True" time="0.000">
      </test-case>
      <test-case name="Accord.Tests.Math.GammaTest.FunctionTest(5.1d,27.9317537383684d)" executed="True" result="Success" success="True" time="0.000">
      </test-case>
      <test-case name="Accord.Tests.Math.GammaTest.FunctionTest(6.5d,287.885277815044d)" executed="True" result="Success" success="True" time="0.000">
      </test-case>
      <test-case name="Accord.Tests.Math.GammaTest.FunctionTest(8.8d,26339.9863545086d)" executed="True" result="Success" success="True" time="0.000">
      </test-case>
      <test-case name="Accord.Tests.Math.GammaTest.FunctionTest(114.2d,5.74927424463409E+184d)" executed="True" result="Success" success="True" time="0.000">
      </test-case>
      <test-case name="Accord.Tests.Math.GammaTest.FunctionTest(1024.6271d,double.PositiveInfinity)" executed="True" result="Success" success="True" time="0.000">
      </test-case>
      <test-case name="Accord.Tests.Math.GammaTest.FunctionTest(-2,double.NaN)" executed="True" result="Success" success="True" time="0.000">
      </test-case>
      <test-case name="Accord.Tests.Math.GammaTest.FunctionTest(-52.1252d,-6.18833873752623E-68d)" executed="True" result="Success" success="True" time="0.000">
      </test-case>
      <test-case name="Accord.Tests.Math.GammaTest.FunctionTest(-0.10817480950786d,-9.94051579540304d)" executed="True" result="Success" success="True" time="0.000">
      </test-case>
      <test-case name="Accord.Tests.Math.GammaTest.FunctionTest(-0.119612914172371d,-9.07071305375415d)" executed="True" result="Success" success="True" time="0.000">
      </test-case>
      <test-case name="Accord.Tests.Math.GammaTest.FunctionTest(-0.120782237635245d,-8.99124562385378d)" executed="True" result="Success" success="True" time="0.000">
      </test-case>
      <test-case name="Accord.Tests.Math.GammaTest.FunctionTest(0,double.NaN)" executed="True" result="Success" success="True" time="0.000">
      </test-case>
      <test-case name="Accord.Tests.Math.GammaTest.FunctionTest(281982742.129859d,double.PositiveInfinity)" executed="True" result="Success" success="True" time="0.000">
      </test-case>
      <test-case name="Accord.Tests.Math.GammaTest.FunctionTest(0.5212392d,1.70190555909403d)" executed="True" result="Success" success="True" time="0.000">
      </test-case>
      <test-case name="Accord.Tests.Math.GammaTest.FunctionTest(1.1d,0.951350769866873d)" executed="True" result="Success" success="True" time="0.000">
      </test-case>
      <test-case name="Accord.Tests.Math.GammaTest.GammaFunctionsTest" executed="True" result="Success" success="True" time="0.003">
      </test-case>
      <test-case name="Accord.Tests.Math.GammaTest.GammaTest2" executed="True" result="Success" success="True" time="0.000">
      </test-case>
      <test-case name="Accord.Tests.Math.GammaTest.GammaUpperRTest" executed="True" result="Success" success="True" time="0.001">
      </test-case>
      <test-case name="Accord.Tests.Math.GammaTest.LgammaTest" executed="True" result="Success" success="True" time="0.000">
      </test-case>
      <test-case name="Accord.Tests.Math.GammaTest.LogTest" executed="True" result="Success" success="True" time="0.001">
      </test-case>
      <test-case name="Accord.Tests.Math.GammaTest.MultivariateGammaTest" executed="True" result="Success" success="True" time="0.000">
      </test-case>
      <test-case name="Accord.Tests.Math.GeneralComparerTest.GeneralComparerConstructorTest" executed="True" result="Success" success="True" time="0.002">
      </test-case>
      <test-case name="Accord.Tests.Math.GeneralizedEigenvalueDecompositionTest.GeneralizedEigenvalueDecompositionConstructorTest" executed="True" result="Success" success="True" time="0.043">
      </test-case>
      <test-case name="Accord.Tests.Math.GeneralizedEigenvalueDecompositionTest.GeneralizedEigenvalueDecompositionConstructorTest2" executed="True" result="Success" success="True" time="0.038">
      </test-case>
      <test-case name="Accord.Tests.Math.GeneralizedEigenvalueDecompositionTest.GeneralizedEigenvalueDecompositionConstructorTest3" executed="True" result="Success" success="True" time="9.646">
      </test-case>
      <test-case name="Accord.Tests.Math.GeneralizedEigenvalueDecompositionTest.GeneralizedEigenvalueDecompositionConstructorTest4" executed="True" result="Success" success="True" time="0.002">
      </test-case>
      <test-case name="Accord.Tests.Math.GoldfarbIdnaniTest.GoldfarbIdnaniConstructorTest1" executed="True" result="Success" success="True" time="0.058">
      </test-case>
      <test-case name="Accord.Tests.Math.GoldfarbIdnaniTest.GoldfarbIdnaniConstructorTest10" executed="True" result="Success" success="True" time="0.051">
      </test-case>
      <test-case name="Accord.Tests.Math.GoldfarbIdnaniTest.GoldfarbIdnaniConstructorTest11" executed="True" result="Success" success="True" time="0.027">
      </test-case>
      <test-case name="Accord.Tests.Math.GoldfarbIdnaniTest.GoldfarbIdnaniConstructorTest2" executed="True" result="Success" success="True" time="0.004">
      </test-case>
      <test-case name="Accord.Tests.Math.GoldfarbIdnaniTest.GoldfarbIdnaniConstructorTest3" executed="True" result="Success" success="True" time="0.004">
      </test-case>
      <test-case name="Accord.Tests.Math.GoldfarbIdnaniTest.GoldfarbIdnaniConstructorTest4" executed="True" result="Success" success="True" time="0.019">
      </test-case>
      <test-case name="Accord.Tests.Math.GoldfarbIdnaniTest.GoldfarbIdnaniConstructorTest5" executed="True" result="Success" success="True" time="0.015">
      </test-case>
      <test-case name="Accord.Tests.Math.GoldfarbIdnaniTest.GoldfarbIdnaniConstructorTest6" executed="True" result="Success" success="True" time="0.002">
      </test-case>
      <test-case name="Accord.Tests.Math.GoldfarbIdnaniTest.GoldfarbIdnaniConstructorTest7" executed="True" result="Success" success="True" time="0.004">
      </test-case>
      <test-case name="Accord.Tests.Math.GoldfarbIdnaniTest.GoldfarbIdnaniConstructorTest8" executed="True" result="Success" success="True" time="0.014">
      </test-case>
      <test-case name="Accord.Tests.Math.GoldfarbIdnaniTest.GoldfarbIdnaniConstructorTest9" executed="True" result="Success" success="True" time="0.005">
      </test-case>
      <test-case name="Accord.Tests.Math.GoldfarbIdnaniTest.GoldfarbIdnaniMaximizeTest1" executed="True" result="Success" success="True" time="0.002">
      </test-case>
      <test-case name="Accord.Tests.Math.GoldfarbIdnaniTest.GoldfarbIdnaniMinimizeTest1" executed="False" result="Ignored">
        <reason>
          <message>
          </message>
        </reason>
      </test-case>
      <test-case name="Accord.Tests.Math.GoldfarbIdnaniTest.RunTest" executed="True" result="Success" success="True" time="0.003">
      </test-case>
      <test-case name="Accord.Tests.Math.GoldfarbIdnaniTest.RunTest1" executed="True" result="Success" success="True" time="0.005">
      </test-case>
      <test-case name="Accord.Tests.Math.GoldfarbIdnaniTest.RunTest2" executed="True" result="Success" success="True" time="0.002">
      </test-case>
      <test-case name="Accord.Tests.Math.GoldfarbIdnaniTest.RunTest3" executed="True" result="Success" success="True" time="0.002">
      </test-case>
      <test-case name="Accord.Tests.Math.GoldfarbIdnaniTest.RunTest4" executed="True" result="Success" success="True" time="0.002">
      </test-case>
      <test-case name="Accord.Tests.Math.GoldfarbIdnaniTest.RunTest5" executed="True" result="Success" success="True" time="0.003">
      </test-case>
      <test-case name="Accord.Tests.Math.GramSchmidtTest.ConstructorTest1" executed="True" result="Success" success="True" time="0.001">
      </test-case>
      <test-case name="Accord.Tests.Math.HilbertTransformTest.FHTTest" executed="True" result="Success" success="True" time="0.006">
      </test-case>
      <test-case name="Accord.Tests.Math.HilbertTransformTest.FHTTest2" executed="True" result="Success" success="True" time="0.001">
      </test-case>
      <test-case name="Accord.Tests.Math.JaggedCholeskyDecompositionFTest.CholeskyDecompositionConstructorTest3" executed="True" result="Success" success="True" time="0.010">
      </test-case>
      <test-case name="Accord.Tests.Math.JaggedCholeskyDecompositionFTest.CholeskyDecompositionConstructorTest4" executed="True" result="Success" success="True" time="0.002">
      </test-case>
      <test-case name="Accord.Tests.Math.JaggedCholeskyDecompositionFTest.CholeskyDecompositionFConstructorTest2" executed="True" result="Success" success="True" time="0.001">
      </test-case>
      <test-case name="Accord.Tests.Math.JaggedCholeskyDecompositionFTest.InPlaceTest" executed="True" result="Success" success="True" time="0.007">
      </test-case>
      <test-case name="Accord.Tests.Math.JaggedCholeskyDecompositionFTest.InverseDiagonalTest1" executed="True" result="Success" success="True" time="0.010">
      </test-case>
      <test-case name="Accord.Tests.Math.JaggedCholeskyDecompositionFTest.InverseDiagonalTest2" executed="True" result="Success" success="True" time="0.001">
      </test-case>
      <test-case name="Accord.Tests.Math.JaggedCholeskyDecompositionFTest.InverseDiagonalTest3" executed="True" result="Success" success="True" time="0.001">
      </test-case>
      <test-case name="Accord.Tests.Math.JaggedCholeskyDecompositionFTest.InverseTest" executed="True" result="Success" success="True" time="0.002">
      </test-case>
      <test-case name="Accord.Tests.Math.JaggedCholeskyDecompositionFTest.InverseTest1" executed="True" result="Success" success="True" time="0.001">
      </test-case>
      <test-case name="Accord.Tests.Math.JaggedCholeskyDecompositionFTest.JaggedCholeskyDecompositionFConstructorTest" executed="True" result="Success" success="True" time="0.001">
      </test-case>
      <test-case name="Accord.Tests.Math.JaggedCholeskyDecompositionFTest.SolveTest" executed="True" result="Success" success="True" time="0.003">
      </test-case>
      <test-case name="Accord.Tests.Math.JaggedCholeskyDecompositionFTest.SolveTest2" executed="True" result="Success" success="True" time="0.001">
      </test-case>
      <test-case name="Accord.Tests.Math.JaggedCholeskyDecompositionFTest.SolveTest3" executed="True" result="Success" success="True" time="0.003">
      </test-case>
      <test-case name="Accord.Tests.Math.JaggedCholeskyDecompositionFTest.SolveTest4" executed="True" result="Success" success="True" time="0.001">
      </test-case>
      <test-case name="Accord.Tests.Math.JaggedLuDecompositionTest.DeterminantTest" executed="True" result="Success" success="True" time="0.001">
      </test-case>
      <test-case name="Accord.Tests.Math.JaggedLuDecompositionTest.InverseTest" executed="True" result="Success" success="True" time="0.002">
      </test-case>
      <test-case name="Accord.Tests.Math.JaggedLuDecompositionTest.LogDeterminantTest" executed="True" result="Success" success="True" time="0.002">
      </test-case>
      <test-case name="Accord.Tests.Math.JaggedLuDecompositionTest.LogDeterminantTest2" executed="True" result="Success" success="True" time="0.001">
      </test-case>
      <test-case name="Accord.Tests.Math.JaggedLuDecompositionTest.LuDecompositionConstructorTest" executed="True" result="Success" success="True" time="0.002">
      </test-case>
      <test-case name="Accord.Tests.Math.JaggedLuDecompositionTest.SolveTest" executed="True" result="Success" success="True" time="0.004">
      </test-case>
      <test-case name="Accord.Tests.Math.JaggedLuDecompositionTest.SolveTest1" executed="True" result="Success" success="True" time="0.001">
      </test-case>
      <test-case name="Accord.Tests.Math.JaggedLuDecompositionTest.SolveTest3" executed="True" result="Success" success="True" time="0.001">
      </test-case>
      <test-case name="Accord.Tests.Math.JaggedLuDecompositionTest.SolveTest4" executed="True" result="Success" success="True" time="0.001">
      </test-case>
      <test-case name="Accord.Tests.Math.JaggedLuDecompositionTest.SolveTest5" executed="True" result="Success" success="True" time="0.001">
      </test-case>
      <test-case name="Accord.Tests.Math.JaggedLuDecompositionTest.SolveTransposeTest" executed="True" result="Success" success="True" time="0.002">
      </test-case>
      <test-case name="Accord.Tests.Math.KDTreeTest.FromDataTest" executed="True" result="Success" success="True" time="0.015">
      </test-case>
      <test-case name="Accord.Tests.Math.KDTreeTest.FromDataTest2" executed="True" result="Success" success="True" time="0.002">
      </test-case>
      <test-case name="Accord.Tests.Math.KDTreeTest.NearestTest" executed="True" result="Success" success="True" time="0.008">
      </test-case>
      <test-case name="Accord.Tests.Math.KDTreeTest.NearestTest2" executed="True" result="Success" success="True" time="0.004">
      </test-case>
      <test-case name="Accord.Tests.Math.KDTreeTest.NearestTest3" executed="True" result="Success" success="True" time="0.006">
      </test-case>
      <test-case name="Accord.Tests.Math.KDTreeTest.TraverseTest0" executed="True" result="Success" success="True" time="0.007">
      </test-case>
      <test-case name="Accord.Tests.Math.KDTreeTest.TraverseTest1" executed="True" result="Success" success="True" time="0.022">
      </test-case>
      <test-case name="Accord.Tests.Math.LuDecompositionTest.DeterminantTest" executed="True" result="Success" success="True" time="0.001">
      </test-case>
      <test-case name="Accord.Tests.Math.LuDecompositionTest.InverseTest" executed="True" result="Success" success="True" time="0.000">
      </test-case>
      <test-case name="Accord.Tests.Math.LuDecompositionTest.LogDeterminantTest" executed="True" result="Success" success="True" time="0.002">
      </test-case>
      <test-case name="Accord.Tests.Math.LuDecompositionTest.LogDeterminantTest2" executed="True" result="Success" success="True" time="0.001">
      </test-case>
      <test-case name="Accord.Tests.Math.LuDecompositionTest.LuDecompositionConstructorTest" executed="True" result="Success" success="True" time="0.002">
      </test-case>
      <test-case name="Accord.Tests.Math.LuDecompositionTest.SolveTest" executed="True" result="Success" success="True" time="0.004">
      </test-case>
      <test-case name="Accord.Tests.Math.LuDecompositionTest.SolveTest1" executed="True" result="Success" success="True" time="0.001">
      </test-case>
      <test-case name="Accord.Tests.Math.LuDecompositionTest.SolveTest3" executed="True" result="Success" success="True" time="0.001">
      </test-case>
      <test-case name="Accord.Tests.Math.LuDecompositionTest.SolveTest4" executed="True" result="Success" success="True" time="0.001">
      </test-case>
      <test-case name="Accord.Tests.Math.LuDecompositionTest.SolveTest5" executed="True" result="Success" success="True" time="0.001">
      </test-case>
      <test-case name="Accord.Tests.Math.LuDecompositionTest.SolveTransposeTest" executed="True" result="Success" success="True" time="0.002">
      </test-case>
      <test-case name="Accord.Tests.Math.MatrixFormatTest.ParseJaggedTest" executed="True" result="Success" success="True" time="0.015">
      </test-case>
      <test-case name="Accord.Tests.Math.MatrixFormatTest.ParseTest" executed="True" result="Success" success="True" time="0.003">
      </test-case>
      <test-case name="Accord.Tests.Math.MatrixFormatTest.ParseTest1" executed="True" result="Success" success="True" time="0.001">
      </test-case>
      <test-case name="Accord.Tests.Math.MatrixFormatTest.StringFormat" executed="True" result="Success" success="True" time="0.076">
      </test-case>
      <test-case name="Accord.Tests.Math.MatrixFormatTest.StringFormat2" executed="True" result="Success" success="True" time="0.001">
      </test-case>
      <test-case name="Accord.Tests.Math.MatrixFormatTest.ToStringTest" executed="True" result="Success" success="True" time="0.001">
      </test-case>
      <test-case name="Accord.Tests.Math.MatrixFormatTest.ToStringTest2" executed="True" result="Success" success="True" time="0.001">
      </test-case>
      <test-case name="Accord.Tests.Math.MatrixFormatTest.ToStringTest3" executed="True" result="Success" success="True" time="0.004">
      </test-case>
      <test-case name="Accord.Tests.Math.MatrixTest.AbsTest" executed="True" result="Success" success="True" time="0.003">
      </test-case>
      <test-case name="Accord.Tests.Math.MatrixTest.AddMatrixAndVectorTest" executed="True" result="Success" success="True" time="0.002">
      </test-case>
      <test-case name="Accord.Tests.Math.MatrixTest.AddTest" executed="True" result="Success" success="True" time="0.001">
      </test-case>
      <test-case name="Accord.Tests.Math.MatrixTest.AddTest1" executed="True" result="Success" success="True" time="0.001">
      </test-case>
      <test-case name="Accord.Tests.Math.MatrixTest.AddToDiagTest1" executed="True" result="Success" success="True" time="0.001">
      </test-case>
      <test-case name="Accord.Tests.Math.MatrixTest.AddToDiagTest2" executed="True" result="Success" success="True" time="0.001">
      </test-case>
      <test-case name="Accord.Tests.Math.MatrixTest.ApplyInPlaceTest" executed="True" result="Success" success="True" time="0.003">
      </test-case>
      <test-case name="Accord.Tests.Math.MatrixTest.ApplyTest" executed="True" result="Success" success="True" time="0.001">
      </test-case>
      <test-case name="Accord.Tests.Math.MatrixTest.ApplyTest1" executed="True" result="Success" success="True" time="0.003">
      </test-case>
      <test-case name="Accord.Tests.Math.MatrixTest.ApplyTest2" executed="True" result="Success" success="True" time="0.002">
      </test-case>
      <test-case name="Accord.Tests.Math.MatrixTest.ApplyTest3" executed="True" result="Success" success="True" time="0.001">
      </test-case>
      <test-case name="Accord.Tests.Math.MatrixTest.ApplyTest4" executed="True" result="Success" success="True" time="0.001">
      </test-case>
      <test-case name="Accord.Tests.Math.MatrixTest.ApplyTest5" executed="True" result="Success" success="True" time="0.003">
      </test-case>
      <test-case name="Accord.Tests.Math.MatrixTest.CartesianProductTest" executed="True" result="Success" success="True" time="0.010">
      </test-case>
      <test-case name="Accord.Tests.Math.MatrixTest.CartesianProductTest2" executed="True" result="Success" success="True" time="0.001">
      </test-case>
      <test-case name="Accord.Tests.Math.MatrixTest.CartesianProductTest3" executed="True" result="Success" success="True" time="0.002">
      </test-case>
      <test-case name="Accord.Tests.Math.MatrixTest.CeilingTest" executed="True" result="Success" success="True" time="0.001">
      </test-case>
      <test-case name="Accord.Tests.Math.MatrixTest.CeilingTest1" executed="True" result="Success" success="True" time="0.001">
      </test-case>
      <test-case name="Accord.Tests.Math.MatrixTest.CenteringTest" executed="True" result="Success" success="True" time="0.003">
      </test-case>
      <test-case name="Accord.Tests.Math.MatrixTest.ColumnVectorTest" executed="True" result="Success" success="True" time="0.001">
      </test-case>
      <test-case name="Accord.Tests.Math.MatrixTest.CombineTest1" executed="True" result="Success" success="True" time="0.001">
      </test-case>
      <test-case name="Accord.Tests.Math.MatrixTest.CombineTest3" executed="True" result="Success" success="True" time="0.001">
      </test-case>
      <test-case name="Accord.Tests.Math.MatrixTest.CombineTest4" executed="True" result="Success" success="True" time="0.001">
      </test-case>
      <test-case name="Accord.Tests.Math.MatrixTest.CombineTest5" executed="True" result="Success" success="True" time="0.001">
      </test-case>
      <test-case name="Accord.Tests.Math.MatrixTest.ConcatenateTest" executed="True" result="Success" success="True" time="0.005">
      </test-case>
      <test-case name="Accord.Tests.Math.MatrixTest.ConcatenateTest2" executed="True" result="Success" success="True" time="0.003">
      </test-case>
      <test-case name="Accord.Tests.Math.MatrixTest.ConvolveTest" executed="True" result="Success" success="True" time="0.002">
      </test-case>
      <test-case name="Accord.Tests.Math.MatrixTest.ConvolveTest2" executed="True" result="Success" success="True" time="0.001">
      </test-case>
      <test-case name="Accord.Tests.Math.MatrixTest.CumulativeSumTest" executed="True" result="Success" success="True" time="0.002">
      </test-case>
      <test-case name="Accord.Tests.Math.MatrixTest.DeterminantTest" executed="True" result="Success" success="True" time="0.000">
      </test-case>
      <test-case name="Accord.Tests.Math.MatrixTest.DeterminantTest2" executed="True" result="Success" success="True" time="0.002">
      </test-case>
      <test-case name="Accord.Tests.Math.MatrixTest.DeterminantTest3" executed="True" result="Success" success="True" time="0.001">
      </test-case>
      <test-case name="Accord.Tests.Math.MatrixTest.DiagonalTest" executed="True" result="Success" success="True" time="0.001">
      </test-case>
      <test-case name="Accord.Tests.Math.MatrixTest.DiagonalTest2" executed="True" result="Success" success="True" time="0.000">
      </test-case>
      <test-case name="Accord.Tests.Math.MatrixTest.DivideByDiagonalTest" executed="True" result="Success" success="True" time="0.006">
      </test-case>
      <test-case name="Accord.Tests.Math.MatrixTest.DivideTest" executed="True" result="Success" success="True" time="0.001">
      </test-case>
      <test-case name="Accord.Tests.Math.MatrixTest.DivideTest1" executed="True" result="Success" success="True" time="0.001">
      </test-case>
      <test-case name="Accord.Tests.Math.MatrixTest.DivideTest2" executed="True" result="Success" success="True" time="0.001">
      </test-case>
      <test-case name="Accord.Tests.Math.MatrixTest.DivideTest3" executed="True" result="Success" success="True" time="0.001">
      </test-case>
      <test-case name="Accord.Tests.Math.MatrixTest.DivideTest4" executed="True" result="Success" success="True" time="0.001">
      </test-case>
      <test-case name="Accord.Tests.Math.MatrixTest.ElementwiseDivideTest" executed="True" result="Success" success="True" time="0.002">
      </test-case>
      <test-case name="Accord.Tests.Math.MatrixTest.ElementwiseDivideTest1" executed="True" result="Success" success="True" time="0.001">
      </test-case>
      <test-case name="Accord.Tests.Math.MatrixTest.ElementwiseDivideTest2" executed="True" result="Success" success="True" time="0.001">
      </test-case>
      <test-case name="Accord.Tests.Math.MatrixTest.ElementwiseMultiplyTest" executed="True" result="Success" success="True" time="0.001">
      </test-case>
      <test-case name="Accord.Tests.Math.MatrixTest.ElementwiseMultiplyTest1" executed="True" result="Success" success="True" time="0.001">
      </test-case>
      <test-case name="Accord.Tests.Math.MatrixTest.ElementwiseMultiplyTest2" executed="True" result="Success" success="True" time="0.002">
      </test-case>
      <test-case name="Accord.Tests.Math.MatrixTest.ElementwiseMultiplyTest3" executed="True" result="Success" success="True" time="0.000">
      </test-case>
      <test-case name="Accord.Tests.Math.MatrixTest.ElementwiseMultiplyTest4" executed="True" result="Success" success="True" time="0.002">
      </test-case>
      <test-case name="Accord.Tests.Math.MatrixTest.ElementwiseMultiplyTest5" executed="True" result="Success" success="True" time="0.001">
      </test-case>
      <test-case name="Accord.Tests.Math.MatrixTest.ElementwisePowerTest" executed="True" result="Success" success="True" time="0.001">
      </test-case>
      <test-case name="Accord.Tests.Math.MatrixTest.ExpandTest" executed="True" result="Success" success="True" time="0.002">
      </test-case>
      <test-case name="Accord.Tests.Math.MatrixTest.FindTest" executed="True" result="Success" success="True" time="0.002">
      </test-case>
      <test-case name="Accord.Tests.Math.MatrixTest.FloorTest" executed="True" result="Success" success="True" time="0.001">
      </test-case>
      <test-case name="Accord.Tests.Math.MatrixTest.FloorTest1" executed="True" result="Success" success="True" time="0.001">
      </test-case>
      <test-case name="Accord.Tests.Math.MatrixTest.FromTableToArrayTest" executed="True" result="Success" success="True" time="0.004">
      </test-case>
      <test-case name="Accord.Tests.Math.MatrixTest.IndexesTest" executed="True" result="Success" success="True" time="0.000">
      </test-case>
      <test-case name="Accord.Tests.Math.MatrixTest.InsertColumnTest" executed="True" result="Success" success="True" time="0.001">
      </test-case>
      <test-case name="Accord.Tests.Math.MatrixTest.InsertRowTest" executed="True" result="Success" success="True" time="0.003">
      </test-case>
      <test-case name="Accord.Tests.Math.MatrixTest.InsertRowTest2" executed="True" result="Success" success="True" time="0.004">
      </test-case>
      <test-case name="Accord.Tests.Math.MatrixTest.InsertRowTest3" executed="True" result="Success" success="True" time="0.002">
      </test-case>
      <test-case name="Accord.Tests.Math.MatrixTest.InsertRowTest4" executed="True" result="Success" success="True" time="0.004">
      </test-case>
      <test-case name="Accord.Tests.Math.MatrixTest.InsertRowTest5" executed="True" result="Success" success="True" time="0.005">
      </test-case>
      <test-case name="Accord.Tests.Math.MatrixTest.IntervalTest" executed="True" result="Success" success="True" time="0.002">
      </test-case>
      <test-case name="Accord.Tests.Math.MatrixTest.IntervalTest1" executed="True" result="Success" success="True" time="0.001">
      </test-case>
      <test-case name="Accord.Tests.Math.MatrixTest.IntervalTest2" executed="True" result="Success" success="True" time="0.001">
      </test-case>
      <test-case name="Accord.Tests.Math.MatrixTest.InverseTest2x2" executed="True" result="Success" success="True" time="0.000">
      </test-case>
      <test-case name="Accord.Tests.Math.MatrixTest.InverseTest3x3" executed="True" result="Success" success="True" time="0.001">
      </test-case>
      <test-case name="Accord.Tests.Math.MatrixTest.IsEqualTest" executed="True" result="Success" success="True" time="0.001">
      </test-case>
      <test-case name="Accord.Tests.Math.MatrixTest.IsEqualTest1" executed="True" result="Success" success="True" time="0.001">
      </test-case>
      <test-case name="Accord.Tests.Math.MatrixTest.IsEqualTest2" executed="True" result="Success" success="True" time="0.001">
      </test-case>
      <test-case name="Accord.Tests.Math.MatrixTest.IsEqualTest3" executed="True" result="Success" success="True" time="0.001">
      </test-case>
      <test-case name="Accord.Tests.Math.MatrixTest.IsSymmetricTest" executed="True" result="Success" success="True" time="0.001">
      </test-case>
      <test-case name="Accord.Tests.Math.MatrixTest.MagicTest" executed="True" result="Success" success="True" time="0.003">
      </test-case>
      <test-case name="Accord.Tests.Math.MatrixTest.MatrixSubmatrix" executed="True" result="Success" success="True" time="0.001">
      </test-case>
      <test-case name="Accord.Tests.Math.MatrixTest.MatrixSubmatrix2" executed="True" result="Success" success="True" time="0.001">
      </test-case>
      <test-case name="Accord.Tests.Math.MatrixTest.MaxMinTest" executed="True" result="Success" success="True" time="0.005">
      </test-case>
      <test-case name="Accord.Tests.Math.MatrixTest.MaxMinTest1" executed="True" result="Success" success="True" time="0.001">
      </test-case>
      <test-case name="Accord.Tests.Math.MatrixTest.MeshTest" executed="True" result="Success" success="True" time="0.016">
      </test-case>
      <test-case name="Accord.Tests.Math.MatrixTest.MultiplyByDiagonalTest" executed="True" result="Success" success="True" time="0.002">
      </test-case>
      <test-case name="Accord.Tests.Math.MatrixTest.MultiplyByTransposeTest" executed="True" result="Success" success="True" time="0.001">
      </test-case>
      <test-case name="Accord.Tests.Math.MatrixTest.MultiplyByTransposeTest2" executed="True" result="Success" success="True" time="0.000">
      </test-case>
      <test-case name="Accord.Tests.Math.MatrixTest.MultiplyByTransposeTestFloat" executed="True" result="Success" success="True" time="0.002">
      </test-case>
      <test-case name="Accord.Tests.Math.MatrixTest.MultiplyMatrixVectorTest" executed="True" result="Success" success="True" time="0.001">
      </test-case>
      <test-case name="Accord.Tests.Math.MatrixTest.MultiplyTwoMatrices" executed="True" result="Success" success="True" time="0.001">
      </test-case>
      <test-case name="Accord.Tests.Math.MatrixTest.MultiplyTwoMatrices2" executed="True" result="Success" success="True" time="0.002">
      </test-case>
      <test-case name="Accord.Tests.Math.MatrixTest.MultiplyTwoMatrices3" executed="True" result="Success" success="True" time="0.002">
      </test-case>
      <test-case name="Accord.Tests.Math.MatrixTest.MultiplyVectorMatrixTest" executed="True" result="Success" success="True" time="0.001">
      </test-case>
      <test-case name="Accord.Tests.Math.MatrixTest.OuterProductTest" executed="True" result="Success" success="True" time="0.001">
      </test-case>
      <test-case name="Accord.Tests.Math.MatrixTest.PositiveDefiniteJaggedTest" executed="True" result="Success" success="True" time="0.002">
      </test-case>
      <test-case name="Accord.Tests.Math.MatrixTest.PositiveDefiniteJaggedTest2" executed="True" result="Success" success="True" time="0.001">
      </test-case>
      <test-case name="Accord.Tests.Math.MatrixTest.PositiveDefiniteTest" executed="True" result="Success" success="True" time="0.000">
      </test-case>
      <test-case name="Accord.Tests.Math.MatrixTest.PositiveDefiniteTest2" executed="True" result="Success" success="True" time="0.000">
      </test-case>
      <test-case name="Accord.Tests.Math.MatrixTest.PowerTest" executed="True" result="Success" success="True" time="0.001">
      </test-case>
      <test-case name="Accord.Tests.Math.MatrixTest.PowerTest1" executed="True" result="Success" success="True" time="0.002">
      </test-case>
      <test-case name="Accord.Tests.Math.MatrixTest.PowerTest2" executed="True" result="Success" success="True" time="0.001">
      </test-case>
      <test-case name="Accord.Tests.Math.MatrixTest.ProductsTest1" executed="True" result="Success" success="True" time="0.016">
      </test-case>
      <test-case name="Accord.Tests.Math.MatrixTest.ProductTest" executed="True" result="Success" success="True" time="0.001">
      </test-case>
      <test-case name="Accord.Tests.Math.MatrixTest.ProductTest1" executed="True" result="Success" success="True" time="0.001">
      </test-case>
      <test-case name="Accord.Tests.Math.MatrixTest.PseudoInverse" executed="True" result="Success" success="True" time="0.001">
      </test-case>
      <test-case name="Accord.Tests.Math.MatrixTest.PseudoInverse1" executed="True" result="Success" success="True" time="0.001">
      </test-case>
      <test-case name="Accord.Tests.Math.MatrixTest.PseudoInverse2" executed="True" result="Success" success="True" time="0.001">
      </test-case>
      <test-case name="Accord.Tests.Math.MatrixTest.PseudoInverse3" executed="True" result="Success" success="True" time="0.001">
      </test-case>
      <test-case name="Accord.Tests.Math.MatrixTest.RemoveColumnTest" executed="True" result="Success" success="True" time="0.002">
      </test-case>
      <test-case name="Accord.Tests.Math.MatrixTest.RemoveRowTest" executed="True" result="Success" success="True" time="0.002">
      </test-case>
      <test-case name="Accord.Tests.Math.MatrixTest.ReshapeTest" executed="True" result="Success" success="True" time="0.003">
      </test-case>
      <test-case name="Accord.Tests.Math.MatrixTest.ReshapeTest1" executed="True" result="Success" success="True" time="0.002">
      </test-case>
      <test-case name="Accord.Tests.Math.MatrixTest.ReshapeTest2" executed="True" result="Success" success="True" time="0.004">
      </test-case>
      <test-case name="Accord.Tests.Math.MatrixTest.ReshapeTest3" executed="True" result="Success" success="True" time="0.001">
      </test-case>
      <test-case name="Accord.Tests.Math.MatrixTest.RowVectorTest" executed="True" result="Success" success="True" time="0.002">
      </test-case>
      <test-case name="Accord.Tests.Math.MatrixTest.SolveTest" executed="True" result="Success" success="True" time="0.001">
      </test-case>
      <test-case name="Accord.Tests.Math.MatrixTest.SolveTest1" executed="True" result="Success" success="True" time="0.004">
      </test-case>
      <test-case name="Accord.Tests.Math.MatrixTest.SolveTest2" executed="True" result="Success" success="True" time="0.001">
      </test-case>
      <test-case name="Accord.Tests.Math.MatrixTest.SolveTest3" executed="True" result="Success" success="True" time="0.003">
      </test-case>
      <test-case name="Accord.Tests.Math.MatrixTest.SolveTest4" executed="True" result="Success" success="True" time="0.001">
      </test-case>
      <test-case name="Accord.Tests.Math.MatrixTest.SolveTest5" executed="True" result="Success" success="True" time="0.001">
      </test-case>
      <test-case name="Accord.Tests.Math.MatrixTest.SqrtTest" executed="True" result="Success" success="True" time="0.001">
      </test-case>
      <test-case name="Accord.Tests.Math.MatrixTest.SubgroupTest1" executed="True" result="Success" success="True" time="0.004">
      </test-case>
      <test-case name="Accord.Tests.Math.MatrixTest.SubgroupTest2" executed="True" result="Success" success="True" time="0.001">
      </test-case>
      <test-case name="Accord.Tests.Math.MatrixTest.SubgroupTest3" executed="True" result="Success" success="True" time="0.004">
      </test-case>
      <test-case name="Accord.Tests.Math.MatrixTest.SubmatrixTest" executed="True" result="Success" success="True" time="0.001">
      </test-case>
      <test-case name="Accord.Tests.Math.MatrixTest.SubmatrixTest1" executed="True" result="Success" success="True" time="0.001">
      </test-case>
      <test-case name="Accord.Tests.Math.MatrixTest.SubtractTest" executed="True" result="Success" success="True" time="0.001">
      </test-case>
      <test-case name="Accord.Tests.Math.MatrixTest.SubtractTest1" executed="True" result="Success" success="True" time="0.001">
      </test-case>
      <test-case name="Accord.Tests.Math.MatrixTest.SumTest" executed="True" result="Success" success="True" time="0.002">
      </test-case>
      <test-case name="Accord.Tests.Math.MatrixTest.SumTest1" executed="True" result="Success" success="True" time="0.000">
      </test-case>
      <test-case name="Accord.Tests.Math.MatrixTest.SumTest2" executed="True" result="Success" success="True" time="0.002">
      </test-case>
      <test-case name="Accord.Tests.Math.MatrixTest.SumTest4" executed="True" result="Success" success="True" time="0.001">
      </test-case>
      <test-case name="Accord.Tests.Math.MatrixTest.SumTest5" executed="True" result="Success" success="True" time="0.001">
      </test-case>
      <test-case name="Accord.Tests.Math.MatrixTest.SumTest6" executed="True" result="Success" success="True" time="0.001">
      </test-case>
      <test-case name="Accord.Tests.Math.MatrixTest.TensorProductTest" executed="True" result="Success" success="True" time="0.001">
      </test-case>
      <test-case name="Accord.Tests.Math.MatrixTest.TensorProductTest2" executed="True" result="Success" success="True" time="0.000">
      </test-case>
[...]
      </test-case>
      <test-case name="MonoTests.System.Data.SqlTypes.SqlMoneyTest.SqlSingleToSqlMoney" executed="True" result="Success" success="True" time="0.002">
      </test-case>
      <test-case name="MonoTests.System.Data.SqlTypes.SqlMoneyTest.SqlStringToSqlMoney" executed="True" result="Success" success="True" time="0.001">
      </test-case>
      <test-case name="MonoTests.System.Data.SqlTypes.SqlMoneyTest.ThanOrEqualOperators" executed="True" result="Success" success="True" time="0.003">
      </test-case>
      <test-case name="MonoTests.System.Data.SqlTypes.SqlMoneyTest.UnaryNegation" executed="True" result="Success" success="True" time="0.001">
      </test-case>
      <test-case name="MonoTests.System.Data.SqlTypes.SqlSingleTest.ArithmeticMethods" executed="True" result="Success" success="True" time="0.004">
      </test-case>
      <test-case name="MonoTests.System.Data.SqlTypes.SqlSingleTest.ArithmeticOperators" executed="True" result="Success" success="True" time="0.002">
      </test-case>
      <test-case name="MonoTests.System.Data.SqlTypes.SqlSingleTest.ByteToSqlSingle" executed="True" result="Success" success="True" time="0.000">
      </test-case>
      <test-case name="MonoTests.System.Data.SqlTypes.SqlSingleTest.CompareTo" executed="True" result="Success" success="True" time="0.002">
      </test-case>
      <test-case name="MonoTests.System.Data.SqlTypes.SqlSingleTest.Conversions" executed="True" result="Success" success="True" time="0.006">
      </test-case>
      <test-case name="MonoTests.System.Data.SqlTypes.SqlSingleTest.Create" executed="True" result="Success" success="True" time="0.001">
      </test-case>
      <test-case name="MonoTests.System.Data.SqlTypes.SqlSingleTest.EqualsMethods" executed="True" result="Success" success="True" time="0.001">
      </test-case>
      <test-case name="MonoTests.System.Data.SqlTypes.SqlSingleTest.GetHashCodeTest" executed="True" result="Success" success="True" time="0.000">
      </test-case>
      <test-case name="MonoTests.System.Data.SqlTypes.SqlSingleTest.GetTypeTest" executed="True" result="Success" success="True" time="0.000">
      </test-case>
      <test-case name="MonoTests.System.Data.SqlTypes.SqlSingleTest.Greaters" executed="True" result="Success" success="True" time="0.002">
      </test-case>
      <test-case name="MonoTests.System.Data.SqlTypes.SqlSingleTest.Lessers" executed="True" result="Success" success="True" time="0.002">
      </test-case>
      <test-case name="MonoTests.System.Data.SqlTypes.SqlSingleTest.NotEquals" executed="True" result="Success" success="True" time="0.002">
      </test-case>
      <test-case name="MonoTests.System.Data.SqlTypes.SqlSingleTest.Parse" executed="True" result="Success" success="True" time="0.001">
      </test-case>
      <test-case name="MonoTests.System.Data.SqlTypes.SqlSingleTest.Properties" executed="True" result="Success" success="True" time="0.001">
      </test-case>
      <test-case name="MonoTests.System.Data.SqlTypes.SqlSingleTest.PublicFields" executed="True" result="Success" success="True" time="0.001">
      </test-case>
      <test-case name="MonoTests.System.Data.SqlTypes.SqlSingleTest.SingleToSqlSingle" executed="True" result="Success" success="True" time="0.001">
      </test-case>
      <test-case name="MonoTests.System.Data.SqlTypes.SqlSingleTest.SqlBooleanToSqlSingle" executed="True" result="Success" success="True" time="0.001">
      </test-case>
      <test-case name="MonoTests.System.Data.SqlTypes.SqlSingleTest.SqlDecimalToSqlSingle" executed="True" result="Success" success="True" time="0.001">
      </test-case>
      <test-case name="MonoTests.System.Data.SqlTypes.SqlSingleTest.SqlDoubleToSqlSingle" executed="True" result="Success" success="True" time="0.001">
      </test-case>
      <test-case name="MonoTests.System.Data.SqlTypes.SqlSingleTest.SqlIntToSqlSingle" executed="True" result="Success" success="True" time="0.001">
      </test-case>
      <test-case name="MonoTests.System.Data.SqlTypes.SqlSingleTest.SqlMoneyToSqlSingle" executed="True" result="Success" success="True" time="0.001">
      </test-case>
      <test-case name="MonoTests.System.Data.SqlTypes.SqlSingleTest.SqlSingleToSingle" executed="True" result="Success" success="True" time="0.001">
      </test-case>
      <test-case name="MonoTests.System.Data.SqlTypes.SqlSingleTest.SqlStringToSqlSingle" executed="True" result="Success" success="True" time="0.001">
      </test-case>
      <test-case name="MonoTests.System.Data.SqlTypes.SqlSingleTest.ThanOrEqualOperators" executed="True" result="Success" success="True" time="0.003">
      </test-case>
      <test-case name="MonoTests.System.Data.SqlTypes.SqlSingleTest.UnaryNegation" executed="True" result="Success" success="True" time="0.001">
      </test-case>
      <test-case name="MonoTests.System.Data.SqlTypes.SqlStringTest.ArithmeticOperators" executed="True" result="Success" success="True" time="0.001">
      </test-case>
      <test-case name="MonoTests.System.Data.SqlTypes.SqlStringTest.Clone" executed="True" result="Success" success="True" time="0.001">
      </test-case>
      <test-case name="MonoTests.System.Data.SqlTypes.SqlStringTest.CompareOptionsFromSqlCompareOptions" executed="True" result="Success" success="True" time="0.001">
      </test-case>
      <test-case name="MonoTests.System.Data.SqlTypes.SqlStringTest.CompareTo" executed="True" result="Success" success="True" time="0.005">
      </test-case>
      <test-case name="MonoTests.System.Data.SqlTypes.SqlStringTest.CompareToArgumentException" executed="True" result="Success" success="True" time="0.001">
      </test-case>
      <test-case name="MonoTests.System.Data.SqlTypes.SqlStringTest.CompareToSqlTypeException" executed="True" result="Success" success="True" time="0.001">
      </test-case>
      <test-case name="MonoTests.System.Data.SqlTypes.SqlStringTest.Concat" executed="True" result="Success" success="True" time="0.001">
      </test-case>
      <test-case name="MonoTests.System.Data.SqlTypes.SqlStringTest.ConversionBoolFormatException1" executed="True" result="Success" success="True" time="0.001">
      </test-case>
      <test-case name="MonoTests.System.Data.SqlTypes.SqlStringTest.ConversionByteFormatException" executed="True" result="Success" success="True" time="0.001">
      </test-case>
      <test-case name="MonoTests.System.Data.SqlTypes.SqlStringTest.ConversionByteOverflowException" executed="True" result="Success" success="True" time="0.000">
      </test-case>
      <test-case name="MonoTests.System.Data.SqlTypes.SqlStringTest.ConversionDecimalFormatException1" executed="True" result="Success" success="True" time="0.001">
      </test-case>
      <test-case name="MonoTests.System.Data.SqlTypes.SqlStringTest.ConversionDecimalFormatException2" executed="True" result="Success" success="True" time="0.000">
      </test-case>
      <test-case name="MonoTests.System.Data.SqlTypes.SqlStringTest.ConversionDoubleOverflowException" executed="True" result="Success" success="True" time="0.001">
      </test-case>
      <test-case name="MonoTests.System.Data.SqlTypes.SqlStringTest.ConversionGuidFormatException" executed="True" result="Success" success="True" time="0.001">
      </test-case>
      <test-case name="MonoTests.System.Data.SqlTypes.SqlStringTest.ConversionInt16FormatException" executed="True" result="Success" success="True" time="0.001">
      </test-case>
      <test-case name="MonoTests.System.Data.SqlTypes.SqlStringTest.ConversionInt32FormatException1" executed="True" result="Success" success="True" time="0.001">
      </test-case>
      <test-case name="MonoTests.System.Data.SqlTypes.SqlStringTest.ConversionInt32FormatException2" executed="True" result="Success" success="True" time="0.000">
      </test-case>
      <test-case name="MonoTests.System.Data.SqlTypes.SqlStringTest.ConversionInt64FormatException" executed="True" result="Success" success="True" time="0.001">
      </test-case>
      <test-case name="MonoTests.System.Data.SqlTypes.SqlStringTest.ConversionIntMoneyFormatException2" executed="True" result="Success" success="True" time="0.001">
      </test-case>
      <test-case name="MonoTests.System.Data.SqlTypes.SqlStringTest.Conversions" executed="True" result="Success" success="True" time="0.023">
      </test-case>
      <test-case name="MonoTests.System.Data.SqlTypes.SqlStringTest.ConversionSingleOverflowException" executed="True" result="Success" success="True" time="0.001">
      </test-case>
      <test-case name="MonoTests.System.Data.SqlTypes.SqlStringTest.Create" executed="True" result="Success" success="True" time="0.005">
      </test-case>
      <test-case name="MonoTests.System.Data.SqlTypes.SqlStringTest.CtorArgumentOutOfRangeException1" executed="True" result="Success" success="True" time="0.001">
      </test-case>
      <test-case name="MonoTests.System.Data.SqlTypes.SqlStringTest.CtorArgumentOutOfRangeException2" executed="True" result="Success" success="True" time="0.001">
      </test-case>
      <test-case name="MonoTests.System.Data.SqlTypes.SqlStringTest.EqualsMethods" executed="True" result="Success" success="True" time="0.006">
      </test-case>
      <test-case name="MonoTests.System.Data.SqlTypes.SqlStringTest.GetHashCodeTest" executed="True" result="Success" success="True" time="0.001">
      </test-case>
      <test-case name="MonoTests.System.Data.SqlTypes.SqlStringTest.GetTypeTest" executed="True" result="Success" success="True" time="0.001">
      </test-case>
      <test-case name="MonoTests.System.Data.SqlTypes.SqlStringTest.Greaters" executed="True" result="Success" success="True" time="0.002">
      </test-case>
      <test-case name="MonoTests.System.Data.SqlTypes.SqlStringTest.Lessers" executed="True" result="Success" success="True" time="0.002">
      </test-case>
      <test-case name="MonoTests.System.Data.SqlTypes.SqlStringTest.NotEquals" executed="True" result="Success" success="True" time="0.001">
      </test-case>
      <test-case name="MonoTests.System.Data.SqlTypes.SqlStringTest.Properties" executed="True" result="Success" success="True" time="0.001">
      </test-case>
      <test-case name="MonoTests.System.Data.SqlTypes.SqlStringTest.PublicFields" executed="True" result="Success" success="True" time="0.001">
      </test-case>
      <test-case name="MonoTests.System.Data.SqlTypes.SqlStringTest.SqlBooleanToSqlString" executed="True" result="Success" success="True" time="0.001">
      </test-case>
      <test-case name="MonoTests.System.Data.SqlTypes.SqlStringTest.SqlByteToBoolean" executed="True" result="Success" success="True" time="0.001">
      </test-case>
      <test-case name="MonoTests.System.Data.SqlTypes.SqlStringTest.SqlDateTimeToSqlString" executed="True" result="Success" success="True" time="0.001">
      </test-case>
      <test-case name="MonoTests.System.Data.SqlTypes.SqlStringTest.SqlDecimalToSqlString" executed="True" result="Success" success="True" time="0.001">
      </test-case>
      <test-case name="MonoTests.System.Data.SqlTypes.SqlStringTest.SqlDoubleToSqlString" executed="True" result="Success" success="True" time="0.000">
      </test-case>
      <test-case name="MonoTests.System.Data.SqlTypes.SqlStringTest.SqlGuidToSqlString" executed="True" result="Success" success="True" time="0.001">
      </test-case>
      <test-case name="MonoTests.System.Data.SqlTypes.SqlStringTest.SqlInt16ToSqlString" executed="True" result="Success" success="True" time="0.001">
      </test-case>
      <test-case name="MonoTests.System.Data.SqlTypes.SqlStringTest.SqlInt32ToSqlString" executed="True" result="Success" success="True" time="0.001">
      </test-case>
      <test-case name="MonoTests.System.Data.SqlTypes.SqlStringTest.SqlInt64ToSqlString" executed="True" result="Success" success="True" time="0.000">
      </test-case>
      <test-case name="MonoTests.System.Data.SqlTypes.SqlStringTest.SqlMoneyToSqlString" executed="True" result="Success" success="True" time="0.001">
      </test-case>
      <test-case name="MonoTests.System.Data.SqlTypes.SqlStringTest.SqlSingleToSqlString" executed="True" result="Success" success="True" time="0.001">
      </test-case>
      <test-case name="MonoTests.System.Data.SqlTypes.SqlStringTest.SqlStringToString" executed="True" result="Success" success="True" time="0.000">
      </test-case>
      <test-case name="MonoTests.System.Data.SqlTypes.SqlStringTest.StringToSqlString" executed="True" result="Success" success="True" time="0.000">
      </test-case>
      <test-case name="MonoTests.System.Data.SqlTypes.SqlStringTest.ThanOrEqualOperators" executed="True" result="Success" success="True" time="0.003">
      </test-case>
      <test-case name="MonoTests.System.Data.SqlTypes.SqlStringTest.UnicodeBytes" executed="True" result="Success" success="True" time="0.002">
      </test-case>
      <test-case name="MonoTests.System.Data.SyntaxErrorExceptionTest.Generate" executed="True" result="Success" success="True" time="0.001">
      </test-case>
      <test-case name="MonoTests.System.Data.UniqueConstraintTest.Ctor" executed="True" result="Success" success="True" time="0.002">
      </test-case>
      <test-case name="MonoTests.System.Data.UniqueConstraintTest.CtorExceptions" executed="True" result="Success" success="True" time="0.002">
      </test-case>
      <test-case name="MonoTests.System.Data.UniqueConstraintTest.DBNullAllowed" executed="True" result="Success" success="True" time="0.001">
      </test-case>
      <test-case name="MonoTests.System.Data.UniqueConstraintTest.EqualsAndHashCode" executed="True" result="Success" success="True" time="0.001">
      </test-case>
      <test-case name="MonoTests.System.Data.UniqueConstraintTest.Unique" executed="True" result="Success" success="True" time="0.001">
      </test-case>
      <test-case name="MonoTests.System.Data.UniqueConstraintTest2.Columns" executed="True" result="Success" success="True" time="0.001">
      </test-case>
      <test-case name="MonoTests.System.Data.UniqueConstraintTest2.constraintName" executed="True" result="Success" success="True" time="0.001">
      </test-case>
      <test-case name="MonoTests.System.Data.UniqueConstraintTest2.ctor_DataColumn" executed="True" result="Success" success="True" time="0.003">
      </test-case>
      <test-case name="MonoTests.System.Data.UniqueConstraintTest2.ctor_DataColumnNoPrimary" executed="True" result="Success" success="True" time="0.001">
      </test-case>
      <test-case name="MonoTests.System.Data.UniqueConstraintTest2.ctor_DataColumnPrimary" executed="True" result="Success" success="True" time="0.001">
      </test-case>
      <test-case name="MonoTests.System.Data.UniqueConstraintTest2.ctor_DataColumns" executed="True" result="Success" success="True" time="0.003">
      </test-case>
      <test-case name="MonoTests.System.Data.UniqueConstraintTest2.ctor_NameDataColumn" executed="True" result="Success" success="True" time="0.001">
      </test-case>
      <test-case name="MonoTests.System.Data.UniqueConstraintTest2.ctor_NameDataColumnPrimary" executed="True" result="Success" success="True" time="0.001">
      </test-case>
      <test-case name="MonoTests.System.Data.UniqueConstraintTest2.ctor_NameDataColumns" executed="True" result="Success" success="True" time="0.001">
      </test-case>
      <test-case name="MonoTests.System.Data.UniqueConstraintTest2.ctor_NameDataColumnsPrimary" executed="True" result="Success" success="True" time="0.001">
      </test-case>
      <test-case name="MonoTests.System.Data.UniqueConstraintTest2.Equals_O" executed="True" result="Success" success="True" time="0.001">
      </test-case>
      <test-case name="MonoTests.System.Data.UniqueConstraintTest2.extendedProperties" executed="True" result="Success" success="True" time="0.001">
      </test-case>
      <test-case name="MonoTests.System.Data.UniqueConstraintTest2.IsPrimaryKey" executed="True" result="Success" success="True" time="0.001">
      </test-case>
      <test-case name="MonoTests.System.Data.UniqueConstraintTest2.Table" executed="True" result="Success" success="True" time="0.001">
      </test-case>
      <test-case name="MonoTests.System.Data.UniqueConstraintTest2.ToString" executed="True" result="Success" success="True" time="0.001">
      </test-case>
      <test-case name="MonoTests.System.Data.VersionNotFoundExceptionTest.Generate1" executed="True" result="Success" success="True" time="0.001">
      </test-case>
      <test-case name="MonoTests.System.Data.VersionNotFoundExceptionTest.Generate2" executed="True" result="Success" success="True" time="0.001">
      </test-case>
      <test-case name="MonoTests.System.Data.VersionNotFoundExceptionTest.Generate3" executed="True" result="Success" success="True" time="0.001">
      </test-case>
      <test-case name="MonoTests.System.Numerics.Test_Complex_ToString.NullFormat_1" executed="False" result="Ignored">
        <reason>
          <message>
          </message>
        </reason>
      </test-case>
    </results>
  </test-suite>
</test-results>
 </test-case>
      <test-case name="MonoTests.System.Data.UniqueConstraintTest2.ctor_DataColumnNoPrimary" executed="True" result="Success" success="True" time="0.001">
      </test-case>
      <test-case name="MonoTests.System.Data.UniqueConstraintTest2.ctor_DataColumnPrimary" executed="True" result="Success" success="True" time="0.001">
      </test-case>
      <test-case name="MonoTests.System.Data.UniqueConstraintTest2.ctor_DataColumns" executed="True" result="Success" success="True" time="0.003">
      </test-case>
      <test-case name="MonoTests.System.Data.UniqueConstraintTest2.ctor_NameDataColumn" executed="True" result="Success" success="True" time="0.001">
      </test-case>
      <test-case name="MonoTests.System.Data.UniqueConstraintTest2.ctor_NameDataColumnPrimary" executed="True" result="Success" success="True" time="0.001">
      </test-case>
      <test-case name="MonoTests.System.Data.UniqueConstraintTest2.ctor_NameDataColumns" executed="True" result="Success" success="True" time="0.001">
      </test-case>
      <test-case name="MonoTests.System.Data.UniqueConstraintTest2.ctor_NameDataColumnsPrimary" executed="True" result="Success" success="True" time="0.002">
      </test-case>
      <test-case name="MonoTests.System.Data.UniqueConstraintTest2.Equals_O" executed="True" result="Success" success="True" time="0.001">
      </test-case>
      <test-case name="MonoTests.System.Data.UniqueConstraintTest2.extendedProperties" executed="True" result="Success" success="True" time="0.001">
      </test-case>
      <test-case name="MonoTests.System.Data.UniqueConstraintTest2.IsPrimaryKey" executed="True" result="Success" success="True" time="0.001">
      </test-case>
      <test-case name="MonoTests.System.Data.UniqueConstraintTest2.Table" executed="True" result="Success" success="True" time="0.001">
      </test-case>
      <test-case name="MonoTests.System.Data.UniqueConstraintTest2.ToString" executed="True" result="Success" success="True" time="0.001">
      </test-case>
      <test-case name="MonoTests.System.Data.VersionNotFoundExceptionTest.Generate1" executed="True" result="Success" success="True" time="0.001">
      </test-case>
      <test-case name="MonoTests.System.Data.VersionNotFoundExceptionTest.Generate2" executed="True" result="Success" success="True" time="0.001">
      </test-case>
      <test-case name="MonoTests.System.Data.VersionNotFoundExceptionTest.Generate3" executed="True" result="Success" success="True" time="0.001">
      </test-case>
      <test-case name="MonoTests.System.Numerics.Test_Complex_ToString.NullFormat_1" executed="False" result="Ignored">
        <reason>
          <message>
          </message>
        </reason>
      </test-case>
    </results>
  </test-suite>
</test-results>
